<?xml version="1.0" encoding="UTF-8"?>
<testng-results skipped="0" failed="0" ignored="0" total="1" passed="1">
  <reporter-output>
  </reporter-output>
  <suite name="Surefire suite" duration-ms="14" started-at="2018-08-21T17:27:00Z" finished-at="2018-08-21T17:27:00Z">
    <groups>
    </groups>
    <test name="Surefire test" duration-ms="14" started-at="2018-08-21T17:27:00Z" finished-at="2018-08-21T17:27:00Z">
      <class name="MavenJenkins.Maven.AppTest">
        <test-method status="PASS" signature="testApp()[pri:0, instance:testApp(MavenJenkins.Maven.AppTest)]" name="testApp" duration-ms="2" started-at="2018-08-21T17:27:00Z" finished-at="2018-08-21T17:27:00Z">
          <reporter-output>
          </reporter-output>
        </test-method> <!-- testApp -->
      </class> <!-- MavenJenkins.Maven.AppTest -->
    </test> <!-- Surefire test -->
  </suite> <!-- Surefire suite -->
</testng-results>
