<?xml version="1.0" encoding="UTF-8"?>
<testng-results skipped="0" failed="0" ignored="0" total="1" passed="1">
  <reporter-output>
  </reporter-output>
  <suite name="Surefire suite" duration-ms="12919" started-at="2018-08-21T17:26:46Z" finished-at="2018-08-21T17:26:59Z">
    <groups>
    </groups>
    <test name="Surefire test" duration-ms="12919" started-at="2018-08-21T17:26:46Z" finished-at="2018-08-21T17:26:59Z">
      <class name="MavenJenkins.Maven.MavenTest">
        <test-method status="PASS" signature="f()[pri:0, instance:MavenJenkins.Maven.MavenTest@62043840]" name="f" duration-ms="12897" started-at="2018-08-21T17:26:46Z" finished-at="2018-08-21T17:26:59Z">
          <reporter-output>
          </reporter-output>
        </test-method> <!-- f -->
      </class> <!-- MavenJenkins.Maven.MavenTest -->
    </test> <!-- Surefire test -->
  </suite> <!-- Surefire suite -->
</testng-results>
