<?xml version="1.0" encoding="UTF-8"?>
<testng-results skipped="0" failed="0" ignored="0" total="1" passed="1">
  <reporter-output>
  </reporter-output>
  <suite name="Default suite" duration-ms="8302" started-at="2018-08-20T17:16:06Z" finished-at="2018-08-20T17:16:14Z">
    <groups>
    </groups>
    <test name="Default test" duration-ms="8302" started-at="2018-08-20T17:16:06Z" finished-at="2018-08-20T17:16:14Z">
      <class name="MavenJenkins.Maven.MavenTest">
        <test-method status="PASS" signature="f()[pri:0, instance:MavenJenkins.Maven.MavenTest@475530b9]" name="f" duration-ms="8268" started-at="2018-08-20T17:16:06Z" finished-at="2018-08-20T17:16:14Z">
          <reporter-output>
          </reporter-output>
        </test-method> <!-- f -->
      </class> <!-- MavenJenkins.Maven.MavenTest -->
    </test> <!-- Default test -->
  </suite> <!-- Default suite -->
</testng-results>
